e:\cygwin\home\win seven\projects\7wonders\7wonders\7wonders\debug\vc120.pdb
e:\cygwin\home\win seven\projects\7wonders\7wonders\7wonders\debug\vc120.idb
e:\cygwin\home\win seven\projects\7wonders\7wonders\7wonders\debug\bluecard.obj
e:\cygwin\home\win seven\projects\7wonders\7wonders\7wonders\debug\browncard.obj
e:\cygwin\home\win seven\projects\7wonders\7wonders\7wonders\debug\card.obj
e:\cygwin\home\win seven\projects\7wonders\7wonders\7wonders\debug\carddatabaseparser.obj
e:\cygwin\home\win seven\projects\7wonders\7wonders\7wonders\debug\cardset.obj
e:\cygwin\home\win seven\projects\7wonders\7wonders\7wonders\debug\computerplayer.obj
e:\cygwin\home\win seven\projects\7wonders\7wonders\7wonders\debug\display.obj
e:\cygwin\home\win seven\projects\7wonders\7wonders\7wonders\debug\graycard.obj
e:\cygwin\home\win seven\projects\7wonders\7wonders\7wonders\debug\greencard.obj
e:\cygwin\home\win seven\projects\7wonders\7wonders\7wonders\debug\humanplayer.obj
e:\cygwin\home\win seven\projects\7wonders\7wonders\7wonders\debug\main.obj
e:\cygwin\home\win seven\projects\7wonders\7wonders\7wonders\debug\player.obj
e:\cygwin\home\win seven\projects\7wonders\7wonders\7wonders\debug\redcard.obj
e:\cygwin\home\win seven\projects\7wonders\7wonders\7wonders\debug\world.obj
e:\cygwin\home\win seven\projects\7wonders\7wonders\7wonders\debug\yellowcard.obj
e:\cygwin\home\win seven\projects\7wonders\7wonders\debug\7wonders.ilk
e:\cygwin\home\win seven\projects\7wonders\7wonders\debug\7wonders.exe
e:\cygwin\home\win seven\projects\7wonders\7wonders\debug\7wonders.pdb
e:\cygwin\home\win seven\projects\7wonders\7wonders\7wonders\debug\7wonders.tlog\cl.command.1.tlog
e:\cygwin\home\win seven\projects\7wonders\7wonders\7wonders\debug\7wonders.tlog\cl.read.1.tlog
e:\cygwin\home\win seven\projects\7wonders\7wonders\7wonders\debug\7wonders.tlog\cl.write.1.tlog
e:\cygwin\home\win seven\projects\7wonders\7wonders\7wonders\debug\7wonders.tlog\link.command.1.tlog
e:\cygwin\home\win seven\projects\7wonders\7wonders\7wonders\debug\7wonders.tlog\link.read.1.tlog
e:\cygwin\home\win seven\projects\7wonders\7wonders\7wonders\debug\7wonders.tlog\link.write.1.tlog
