Build started 04/12/2015 16:05:37.
     1>Project "E:\cygwin\home\WIN SEVEN\projects\7Wonders\7Wonders\7Wonders\7Wonders.vcxproj" on node 2 (Build target(s)).
     1>ClCompile:
         E:\Program Files (x86)\Microsoft Visual Studio 12.0\VC\bin\CL.exe /c /I"E:\cygwin\home\WIN SEVEN\projects\7Wonders\SFML-2.3.2\include" /Zi /nologo /W3 /WX- /sdl /O2 /Oi /Oy- /GL /D _MBCS /Gm- /EHsc /MD /GS /Gy /fp:precise /Zc:wchar_t /Zc:forScope /Fo"Release\\" /Fd"Release\vc120.pdb" /Gd /TP /analyze- /errorReport:prompt Card.cpp CardDatabaseParser.cpp ComputerPlayer.cpp Display.cpp HumanPlayer.cpp main.cpp Player.cpp World.cpp
         Card.cpp
         CardDatabaseParser.cpp
         ComputerPlayer.cpp
         Display.cpp
         HumanPlayer.cpp
         main.cpp
         Player.cpp
         World.cpp
       Link:
         E:\Program Files (x86)\Microsoft Visual Studio 12.0\VC\bin\link.exe /ERRORREPORT:PROMPT /OUT:"E:\cygwin\home\WIN SEVEN\projects\7Wonders\7Wonders\Release\7Wonders.exe" /NOLOGO /LIBPATH:"E:\cygwin\home\WIN SEVEN\projects\7Wonders\SFML-2.3.2\bin" /LIBPATH:"E:\cygwin\home\WIN SEVEN\projects\7Wonders\SFML-2.3.2\lib" "sfml-graphics.lib" "sfml-window.lib" "sfml-system.lib" kernel32.lib user32.lib gdi32.lib winspool.lib comdlg32.lib advapi32.lib shell32.lib ole32.lib oleaut32.lib uuid.lib odbc32.lib odbccp32.lib /MANIFEST /MANIFESTUAC:"level='asInvoker' uiAccess='false'" /manifest:embed /DEBUG /PDB:"E:\cygwin\home\WIN SEVEN\projects\7Wonders\7Wonders\Release\7Wonders.pdb" /OPT:REF /OPT:ICF /LTCG /TLBID:1 /DYNAMICBASE /NXCOMPAT /IMPLIB:"E:\cygwin\home\WIN SEVEN\projects\7Wonders\7Wonders\Release\7Wonders.lib" /MACHINE:X86 /SAFESEH Release\Card.obj
         Release\CardDatabaseParser.obj
         Release\ComputerPlayer.obj
         Release\Display.obj
         Release\HumanPlayer.obj
         Release\main.obj
         Release\Player.obj
         Release\World.obj
         Generating code
         Finished generating code
         7Wonders.vcxproj -> E:\cygwin\home\WIN SEVEN\projects\7Wonders\7Wonders\Release\7Wonders.exe
     1>Done Building Project "E:\cygwin\home\WIN SEVEN\projects\7Wonders\7Wonders\7Wonders\7Wonders.vcxproj" (Build target(s)).

Build succeeded.

Time Elapsed 00:00:02.88
